This file contains any messages produced by compilers while
running configure, to aid debugging if configure makes a mistake.

It was created by usbutils configure 006, which was
generated by GNU Autoconf 2.68.  Invocation command line was

  $ ./configure LIBUSB_CFLAGS=-I/home/kunyi/OMAP4/CCID/libusb-1.0.9/libusb LIBUSB_LIBS=-L/home/kunyi/OMAP4/CCID/libusb-1.0.9/libusb/.libs -lusb-1.0

## --------- ##
## Platform. ##
## --------- ##

hostname = kunyi-ThinkPad-X220
uname -m = x86_64
uname -r = 3.2.0-29-generic
uname -s = Linux
uname -v = #46-Ubuntu SMP Fri Jul 27 17:03:23 UTC 2012

/usr/bin/uname -p = unknown
/bin/uname -X     = unknown

/bin/arch              = unknown
/usr/bin/arch -k       = unknown
/usr/convex/getsysinfo = unknown
/usr/bin/hostinfo      = unknown
/bin/machine           = unknown
/usr/bin/oslevel       = unknown
/bin/universe          = unknown

PATH: /usr/lib/jvm/java-6-sun/bin
PATH: /home/kunyi/OMAP4/4AI.1.6/buildscripts
PATH: /home/kunyi/OMAP4/4AI.1.6/toolchain/arm-2010q1/bin
PATH: /home/kunyi/OMAP4/4AI.1.6/u-boot/tools
PATH: /home/kunyi/bin
PATH: /home/kunyi/android-sdk-linux/platform-tools
PATH: /home/kunyi/bin
PATH: /usr/lib/lightdm/lightdm
PATH: /usr/local/sbin
PATH: /usr/local/bin
PATH: /usr/sbin
PATH: /usr/bin
PATH: /sbin
PATH: /bin
PATH: /usr/games
PATH: /home/kunyi/OMAP4/4AI.1.6/mydroid/out/host/linux-x86/bin
PATH: /home/kunyi/OMAP4/4AI.1.6/mydroid/prebuilt/linux-x86/toolchain/arm-linux-androideabi-4.4.x/bin
PATH: /home/kunyi/OMAP4/4AI.1.6/mydroid/development/emulator/qtools
PATH: /home/kunyi/OMAP4/4AI.1.6/mydroid/prebuilt/linux-x86/toolchain/arm-linux-androideabi-4.4.x/bin
PATH: /home/kunyi/OMAP4/4AI.1.6/mydroid/prebuilt/linux-x86/toolchain/arm-eabi-4.4.3/bin


## ----------- ##
## Core tests. ##
## ----------- ##

configure:2132: checking for a BSD-compatible install
configure:2200: result: /usr/bin/install -c
configure:2211: checking whether build environment is sane
configure:2261: result: yes
configure:2402: checking for a thread-safe mkdir -p
configure:2441: result: /bin/mkdir -p
configure:2454: checking for gawk
configure:2484: result: no
configure:2454: checking for mawk
configure:2470: found /usr/bin/mawk
configure:2481: result: mawk
configure:2492: checking whether make sets $(MAKE)
configure:2514: result: yes
configure:2605: checking whether make supports nested variables
configure:2622: result: yes
configure:2647: checking for style of include used by make
configure:2675: result: GNU
configure:2746: checking for gcc
configure:2762: found /usr/bin/gcc
configure:2773: result: gcc
configure:3002: checking for C compiler version
configure:3011: gcc --version >&5
gcc (Ubuntu/Linaro 4.6.3-1ubuntu5) 4.6.3
Copyright (C) 2011 Free Software Foundation, Inc.
This is free software; see the source for copying conditions.  There is NO
warranty; not even for MERCHANTABILITY or FITNESS FOR A PARTICULAR PURPOSE.

configure:3022: $? = 0
configure:3011: gcc -v >&5
Using built-in specs.
COLLECT_GCC=gcc
COLLECT_LTO_WRAPPER=/usr/lib/gcc/x86_64-linux-gnu/4.6/lto-wrapper
Target: x86_64-linux-gnu
Configured with: ../src/configure -v --with-pkgversion='Ubuntu/Linaro 4.6.3-1ubuntu5' --with-bugurl=file:///usr/share/doc/gcc-4.6/README.Bugs --enable-languages=c,c++,fortran,objc,obj-c++ --prefix=/usr --program-suffix=-4.6 --enable-shared --enable-linker-build-id --with-system-zlib --libexecdir=/usr/lib --without-included-gettext --enable-threads=posix --with-gxx-include-dir=/usr/include/c++/4.6 --libdir=/usr/lib --enable-nls --with-sysroot=/ --enable-clocale=gnu --enable-libstdcxx-debug --enable-libstdcxx-time=yes --enable-gnu-unique-object --enable-plugin --enable-objc-gc --disable-werror --with-arch-32=i686 --with-tune=generic --enable-checking=release --build=x86_64-linux-gnu --host=x86_64-linux-gnu --target=x86_64-linux-gnu
Thread model: posix
gcc version 4.6.3 (Ubuntu/Linaro 4.6.3-1ubuntu5) 
configure:3022: $? = 0
configure:3011: gcc -V >&5
gcc: error: unrecognized option '-V'
gcc: fatal error: no input files
compilation terminated.
configure:3022: $? = 4
configure:3011: gcc -qversion >&5
gcc: error: unrecognized option '-qversion'
gcc: fatal error: no input files
compilation terminated.
configure:3022: $? = 4
configure:3042: checking whether the C compiler works
configure:3064: gcc    conftest.c  >&5
configure:3068: $? = 0
configure:3116: result: yes
configure:3119: checking for C compiler default output file name
configure:3121: result: a.out
configure:3127: checking for suffix of executables
configure:3134: gcc -o conftest    conftest.c  >&5
configure:3138: $? = 0
configure:3160: result: 
configure:3182: checking whether we are cross compiling
configure:3190: gcc -o conftest    conftest.c  >&5
configure:3194: $? = 0
configure:3201: ./conftest
configure:3205: $? = 0
configure:3220: result: no
configure:3225: checking for suffix of object files
configure:3247: gcc -c   conftest.c >&5
configure:3251: $? = 0
configure:3272: result: o
configure:3276: checking whether we are using the GNU C compiler
configure:3295: gcc -c   conftest.c >&5
configure:3295: $? = 0
configure:3304: result: yes
configure:3313: checking whether gcc accepts -g
configure:3333: gcc -c -g  conftest.c >&5
configure:3333: $? = 0
configure:3374: result: yes
configure:3391: checking for gcc option to accept ISO C89
configure:3455: gcc  -c -g -O2  conftest.c >&5
configure:3455: $? = 0
configure:3468: result: none needed
configure:3490: checking dependency style of gcc
configure:3601: result: gcc3
configure:3622: checking how to run the C preprocessor
configure:3653: gcc -E  conftest.c
configure:3653: $? = 0
configure:3667: gcc -E  conftest.c
conftest.c:11:28: fatal error: ac_nonexistent.h: No such file or directory
compilation terminated.
configure:3667: $? = 1
configure: failed program was:
| /* confdefs.h */
| #define PACKAGE_NAME "usbutils"
| #define PACKAGE_TARNAME "usbutils"
| #define PACKAGE_VERSION "006"
| #define PACKAGE_STRING "usbutils 006"
| #define PACKAGE_BUGREPORT "linux-usb@vger.kernel.org"
| #define PACKAGE_URL ""
| #define PACKAGE "usbutils"
| #define VERSION "006"
| /* end confdefs.h.  */
| #include <ac_nonexistent.h>
configure:3692: result: gcc -E
configure:3712: gcc -E  conftest.c
configure:3712: $? = 0
configure:3726: gcc -E  conftest.c
conftest.c:11:28: fatal error: ac_nonexistent.h: No such file or directory
compilation terminated.
configure:3726: $? = 1
configure: failed program was:
| /* confdefs.h */
| #define PACKAGE_NAME "usbutils"
| #define PACKAGE_TARNAME "usbutils"
| #define PACKAGE_VERSION "006"
| #define PACKAGE_STRING "usbutils 006"
| #define PACKAGE_BUGREPORT "linux-usb@vger.kernel.org"
| #define PACKAGE_URL ""
| #define PACKAGE "usbutils"
| #define VERSION "006"
| /* end confdefs.h.  */
| #include <ac_nonexistent.h>
configure:3755: checking for grep that handles long lines and -e
configure:3813: result: /bin/grep
configure:3818: checking for egrep
configure:3880: result: /bin/grep -E
configure:3885: checking for ANSI C header files
configure:3905: gcc -c -g -O2  conftest.c >&5
configure:3905: $? = 0
configure:3978: gcc -o conftest -g -O2   conftest.c  >&5
configure:3978: $? = 0
configure:3978: ./conftest
configure:3978: $? = 0
configure:3989: result: yes
configure:4002: checking for sys/types.h
configure:4002: gcc -c -g -O2  conftest.c >&5
configure:4002: $? = 0
configure:4002: result: yes
configure:4002: checking for sys/stat.h
configure:4002: gcc -c -g -O2  conftest.c >&5
configure:4002: $? = 0
configure:4002: result: yes
configure:4002: checking for stdlib.h
configure:4002: gcc -c -g -O2  conftest.c >&5
configure:4002: $? = 0
configure:4002: result: yes
configure:4002: checking for string.h
configure:4002: gcc -c -g -O2  conftest.c >&5
configure:4002: $? = 0
configure:4002: result: yes
configure:4002: checking for memory.h
configure:4002: gcc -c -g -O2  conftest.c >&5
configure:4002: $? = 0
configure:4002: result: yes
configure:4002: checking for strings.h
configure:4002: gcc -c -g -O2  conftest.c >&5
configure:4002: $? = 0
configure:4002: result: yes
configure:4002: checking for inttypes.h
configure:4002: gcc -c -g -O2  conftest.c >&5
configure:4002: $? = 0
configure:4002: result: yes
configure:4002: checking for stdint.h
configure:4002: gcc -c -g -O2  conftest.c >&5
configure:4002: $? = 0
configure:4002: result: yes
configure:4002: checking for unistd.h
configure:4002: gcc -c -g -O2  conftest.c >&5
configure:4002: $? = 0
configure:4002: result: yes
configure:4015: checking minix/config.h usability
configure:4015: gcc -c -g -O2  conftest.c >&5
conftest.c:54:26: fatal error: minix/config.h: No such file or directory
compilation terminated.
configure:4015: $? = 1
configure: failed program was:
| /* confdefs.h */
| #define PACKAGE_NAME "usbutils"
| #define PACKAGE_TARNAME "usbutils"
| #define PACKAGE_VERSION "006"
| #define PACKAGE_STRING "usbutils 006"
| #define PACKAGE_BUGREPORT "linux-usb@vger.kernel.org"
| #define PACKAGE_URL ""
| #define PACKAGE "usbutils"
| #define VERSION "006"
| #define STDC_HEADERS 1
| #define HAVE_SYS_TYPES_H 1
| #define HAVE_SYS_STAT_H 1
| #define HAVE_STDLIB_H 1
| #define HAVE_STRING_H 1
| #define HAVE_MEMORY_H 1
| #define HAVE_STRINGS_H 1
| #define HAVE_INTTYPES_H 1
| #define HAVE_STDINT_H 1
| #define HAVE_UNISTD_H 1
| /* end confdefs.h.  */
| #include <stdio.h>
| #ifdef HAVE_SYS_TYPES_H
| # include <sys/types.h>
| #endif
| #ifdef HAVE_SYS_STAT_H
| # include <sys/stat.h>
| #endif
| #ifdef STDC_HEADERS
| # include <stdlib.h>
| # include <stddef.h>
| #else
| # ifdef HAVE_STDLIB_H
| #  include <stdlib.h>
| # endif
| #endif
| #ifdef HAVE_STRING_H
| # if !defined STDC_HEADERS && defined HAVE_MEMORY_H
| #  include <memory.h>
| # endif
| # include <string.h>
| #endif
| #ifdef HAVE_STRINGS_H
| # include <strings.h>
| #endif
| #ifdef HAVE_INTTYPES_H
| # include <inttypes.h>
| #endif
| #ifdef HAVE_STDINT_H
| # include <stdint.h>
| #endif
| #ifdef HAVE_UNISTD_H
| # include <unistd.h>
| #endif
| #include <minix/config.h>
configure:4015: result: no
configure:4015: checking minix/config.h presence
configure:4015: gcc -E  conftest.c
conftest.c:21:26: fatal error: minix/config.h: No such file or directory
compilation terminated.
configure:4015: $? = 1
configure: failed program was:
| /* confdefs.h */
| #define PACKAGE_NAME "usbutils"
| #define PACKAGE_TARNAME "usbutils"
| #define PACKAGE_VERSION "006"
| #define PACKAGE_STRING "usbutils 006"
| #define PACKAGE_BUGREPORT "linux-usb@vger.kernel.org"
| #define PACKAGE_URL ""
| #define PACKAGE "usbutils"
| #define VERSION "006"
| #define STDC_HEADERS 1
| #define HAVE_SYS_TYPES_H 1
| #define HAVE_SYS_STAT_H 1
| #define HAVE_STDLIB_H 1
| #define HAVE_STRING_H 1
| #define HAVE_MEMORY_H 1
| #define HAVE_STRINGS_H 1
| #define HAVE_INTTYPES_H 1
| #define HAVE_STDINT_H 1
| #define HAVE_UNISTD_H 1
| /* end confdefs.h.  */
| #include <minix/config.h>
configure:4015: result: no
configure:4015: checking for minix/config.h
configure:4015: result: no
configure:4036: checking whether it is safe to define __EXTENSIONS__
configure:4054: gcc -c -g -O2  conftest.c >&5
configure:4054: $? = 0
configure:4061: result: yes
configure:4082: checking for special C compiler options needed for large files
configure:4127: result: no
configure:4133: checking for _FILE_OFFSET_BITS value needed for large files
configure:4158: gcc -c -g -O2  conftest.c >&5
configure:4158: $? = 0
configure:4190: result: no
configure:4276: checking byteswap.h usability
configure:4276: gcc -c -g -O2  conftest.c >&5
configure:4276: $? = 0
configure:4276: result: yes
configure:4276: checking byteswap.h presence
configure:4276: gcc -E  conftest.c
configure:4276: $? = 0
configure:4276: result: yes
configure:4276: checking for byteswap.h
configure:4276: result: yes
configure:4295: checking for inflateEnd in -lz
configure:4320: gcc -o conftest -g -O2   conftest.c -lz   >&5
configure:4320: $? = 0
configure:4329: result: yes
configure:4413: checking for pkg-config
configure:4431: found /usr/bin/pkg-config
configure:4443: result: /usr/bin/pkg-config
configure:4468: checking pkg-config is at least version 0.9.0
configure:4471: result: yes
configure:4481: checking for LIBUSB
configure:4566: result: yes
configure:4718: creating ./config.status

## ---------------------- ##
## Running config.status. ##
## ---------------------- ##

This file was extended by usbutils config.status 006, which was
generated by GNU Autoconf 2.68.  Invocation command line was

  CONFIG_FILES    = 
  CONFIG_HEADERS  = 
  CONFIG_LINKS    = 
  CONFIG_COMMANDS = 
  $ ./config.status 

on kunyi-ThinkPad-X220

config.status:880: creating Makefile
config.status:880: creating config.h
config.status:1109: executing depfiles commands
configure:6114: === configuring in usbhid-dump (/home/kunyi/OMAP4/tmp/usbutils/usbhid-dump)
configure:6163: WARNING: no configuration information is in usbhid-dump
configure:6208: result:
	usbutils 006
	=============

	prefix:                 /usr
	datarootdir:            ${prefix}/share
	datadir:                ${datarootdir}
	mandir:                 ${datarootdir}/man

	usb.ids:                ${datarootdir}/usb.ids
	zlib:                   

	compiler:               gcc
	cflags:                 -g -O2
	ldflags:                


## ---------------- ##
## Cache variables. ##
## ---------------- ##

ac_cv_c_compiler_gnu=yes
ac_cv_env_CC_set=
ac_cv_env_CC_value=
ac_cv_env_CFLAGS_set=
ac_cv_env_CFLAGS_value=
ac_cv_env_CPPFLAGS_set=
ac_cv_env_CPPFLAGS_value=
ac_cv_env_CPP_set=
ac_cv_env_CPP_value=
ac_cv_env_LDFLAGS_set=
ac_cv_env_LDFLAGS_value=
ac_cv_env_LIBS_set=
ac_cv_env_LIBS_value=
ac_cv_env_LIBUSB_CFLAGS_set=set
ac_cv_env_LIBUSB_CFLAGS_value=-I/home/kunyi/OMAP4/CCID/libusb-1.0.9/libusb
ac_cv_env_LIBUSB_LIBS_set=set
ac_cv_env_LIBUSB_LIBS_value='-L/home/kunyi/OMAP4/CCID/libusb-1.0.9/libusb/.libs -lusb-1.0'
ac_cv_env_PKG_CONFIG_LIBDIR_set=
ac_cv_env_PKG_CONFIG_LIBDIR_value=
ac_cv_env_PKG_CONFIG_PATH_set=
ac_cv_env_PKG_CONFIG_PATH_value=
ac_cv_env_PKG_CONFIG_set=
ac_cv_env_PKG_CONFIG_value=
ac_cv_env_build_alias_set=
ac_cv_env_build_alias_value=
ac_cv_env_host_alias_set=
ac_cv_env_host_alias_value=
ac_cv_env_target_alias_set=
ac_cv_env_target_alias_value=
ac_cv_header_byteswap_h=yes
ac_cv_header_inttypes_h=yes
ac_cv_header_memory_h=yes
ac_cv_header_minix_config_h=no
ac_cv_header_stdc=yes
ac_cv_header_stdint_h=yes
ac_cv_header_stdlib_h=yes
ac_cv_header_string_h=yes
ac_cv_header_strings_h=yes
ac_cv_header_sys_stat_h=yes
ac_cv_header_sys_types_h=yes
ac_cv_header_unistd_h=yes
ac_cv_lib_z_inflateEnd=yes
ac_cv_objext=o
ac_cv_path_EGREP='/bin/grep -E'
ac_cv_path_GREP=/bin/grep
ac_cv_path_ac_pt_PKG_CONFIG=/usr/bin/pkg-config
ac_cv_path_install='/usr/bin/install -c'
ac_cv_path_mkdir=/bin/mkdir
ac_cv_prog_AWK=mawk
ac_cv_prog_CPP='gcc -E'
ac_cv_prog_ac_ct_CC=gcc
ac_cv_prog_cc_c89=
ac_cv_prog_cc_g=yes
ac_cv_prog_make_make_set=yes
ac_cv_safe_to_define___extensions__=yes
ac_cv_sys_file_offset_bits=no
ac_cv_sys_largefile_CC=no
am_cv_CC_dependencies_compiler_type=gcc3
am_cv_make_support_nested_variables=yes
pkg_cv_LIBUSB_CFLAGS=-I/home/kunyi/OMAP4/CCID/libusb-1.0.9/libusb
pkg_cv_LIBUSB_LIBS='-L/home/kunyi/OMAP4/CCID/libusb-1.0.9/libusb/.libs -lusb-1.0'

## ----------------- ##
## Output variables. ##
## ----------------- ##

ACLOCAL='${SHELL} /home/kunyi/OMAP4/tmp/usbutils/missing --run aclocal-1.11'
AMDEPBACKSLASH='\'
AMDEP_FALSE='#'
AMDEP_TRUE=''
AMTAR='$${TAR-tar}'
AM_BACKSLASH='\'
AM_DEFAULT_V='$(AM_DEFAULT_VERBOSITY)'
AM_DEFAULT_VERBOSITY='0'
AM_V='$(V)'
AUTOCONF='${SHELL} /home/kunyi/OMAP4/tmp/usbutils/missing --run autoconf'
AUTOHEADER='${SHELL} /home/kunyi/OMAP4/tmp/usbutils/missing --run autoheader'
AUTOMAKE='${SHELL} /home/kunyi/OMAP4/tmp/usbutils/missing --run automake-1.11'
AWK='mawk'
CC='gcc'
CCDEPMODE='depmode=gcc3'
CFLAGS='-g -O2'
CPP='gcc -E'
CPPFLAGS=''
CYGPATH_W='echo'
DEFS='-DHAVE_CONFIG_H'
DEPDIR='.deps'
ECHO_C=''
ECHO_N='-n'
ECHO_T=''
EGREP='/bin/grep -E'
EXEEXT=''
GREP='/bin/grep'
HAVE_ZLIB_FALSE='#'
HAVE_ZLIB_TRUE=''
INSTALL_DATA='${INSTALL} -m 644'
INSTALL_PROGRAM='${INSTALL}'
INSTALL_SCRIPT='${INSTALL}'
INSTALL_STRIP_PROGRAM='$(install_sh) -c -s'
INSTALL_USBIDS_FALSE='#'
INSTALL_USBIDS_TRUE=''
LDFLAGS=''
LIBOBJS=''
LIBS=''
LIBUSB_CFLAGS='-I/home/kunyi/OMAP4/CCID/libusb-1.0.9/libusb'
LIBUSB_LIBS='-L/home/kunyi/OMAP4/CCID/libusb-1.0.9/libusb/.libs -lusb-1.0'
LTLIBOBJS=''
MAKEINFO='${SHELL} /home/kunyi/OMAP4/tmp/usbutils/missing --run makeinfo'
MKDIR_P='/bin/mkdir -p'
OBJEXT='o'
PACKAGE='usbutils'
PACKAGE_BUGREPORT='linux-usb@vger.kernel.org'
PACKAGE_NAME='usbutils'
PACKAGE_STRING='usbutils 006'
PACKAGE_TARNAME='usbutils'
PACKAGE_URL=''
PACKAGE_VERSION='006'
PATH_SEPARATOR=':'
PKG_CONFIG='/usr/bin/pkg-config'
PKG_CONFIG_LIBDIR=''
PKG_CONFIG_PATH=''
SET_MAKE=''
SHELL='/bin/bash'
STRIP=''
VERSION='006'
ac_ct_CC='gcc'
am__EXEEXT_FALSE=''
am__EXEEXT_TRUE='#'
am__fastdepCC_FALSE='#'
am__fastdepCC_TRUE=''
am__include='include'
am__isrc=''
am__leading_dot='.'
am__nodep='_no'
am__quote=''
am__tar='$${TAR-tar} chof - "$$tardir"'
am__untar='$${TAR-tar} xf -'
bindir='${exec_prefix}/bin'
build_alias=''
datadir='${datarootdir}'
datarootdir='${prefix}/share'
docdir='${datarootdir}/doc/${PACKAGE_TARNAME}'
dvidir='${docdir}'
exec_prefix='${prefix}'
host_alias=''
htmldir='${docdir}'
includedir='${prefix}/include'
infodir='${datarootdir}/info'
install_sh='${SHELL} /home/kunyi/OMAP4/tmp/usbutils/install-sh'
libdir='${exec_prefix}/lib'
libexecdir='${exec_prefix}/libexec'
localedir='${datarootdir}/locale'
localstatedir='${prefix}/var'
mandir='${datarootdir}/man'
mkdir_p='/bin/mkdir -p'
oldincludedir='/usr/include'
pdfdir='${docdir}'
prefix='/usr'
program_transform_name='s,x,x,'
psdir='${docdir}'
sbindir='${exec_prefix}/sbin'
sharedstatedir='${prefix}/com'
subdirs=' usbhid-dump'
sysconfdir='${prefix}/etc'
target_alias=''

## ----------- ##
## confdefs.h. ##
## ----------- ##

/* confdefs.h */
#define PACKAGE_NAME "usbutils"
#define PACKAGE_TARNAME "usbutils"
#define PACKAGE_VERSION "006"
#define PACKAGE_STRING "usbutils 006"
#define PACKAGE_BUGREPORT "linux-usb@vger.kernel.org"
#define PACKAGE_URL ""
#define PACKAGE "usbutils"
#define VERSION "006"
#define STDC_HEADERS 1
#define HAVE_SYS_TYPES_H 1
#define HAVE_SYS_STAT_H 1
#define HAVE_STDLIB_H 1
#define HAVE_STRING_H 1
#define HAVE_MEMORY_H 1
#define HAVE_STRINGS_H 1
#define HAVE_INTTYPES_H 1
#define HAVE_STDINT_H 1
#define HAVE_UNISTD_H 1
#define __EXTENSIONS__ 1
#define _ALL_SOURCE 1
#define _GNU_SOURCE 1
#define _POSIX_PTHREAD_SEMANTICS 1
#define _TANDEM_SOURCE 1
#define HAVE_BYTESWAP_H 1

configure: exit 0
